[ui-themez.smartinnovates.net/items/zain/index1.html]
[backblue.gif]
[fade.gif]
[index.html]
[ui-themez.smartinnovates.net/items/zain/img/favicon.png]
[ui-themez.smartinnovates.net/items/zain/css/plugins.css]
[ui-themez.smartinnovates.net/items/zain/css/style.css]
[ui-themez.smartinnovates.net/items/zain/img/logo-light.png]
[ui-themez.smartinnovates.net/items/zain/img/hero.jpg]
[ui-themez.smartinnovates.net/items/zain/img/portfolio/1.jpg]
[ui-themez.smartinnovates.net/items/zain/img/portfolio/2.jpg]
[ui-themez.smartinnovates.net/items/zain/img/portfolio/3.jpg]
[ui-themez.smartinnovates.net/items/zain/img/portfolio/4.jpg]
[ui-themez.smartinnovates.net/items/zain/img/portfolio/5.jpg]
[ui-themez.smartinnovates.net/items/zain/img/portfolio/6.jpg]
[ui-themez.smartinnovates.net/items/zain/img/portfolio/7.jpg]
[ui-themez.smartinnovates.net/items/zain/img/blog/01.jpg]
[ui-themez.smartinnovates.net/items/zain/img/blog/03.jpg]
[ui-themez.smartinnovates.net/items/zain/img/blog/02.jpg]
[ui-themez.smartinnovates.net/items/zain/img/map.png]
[ui-themez.smartinnovates.net/items/zain/js/jquery-3.0.0.min.js]
[ui-themez.smartinnovates.net/items/zain/js/jquery-migrate-3.0.0.min.js]
[ui-themez.smartinnovates.net/items/zain/js/popper.min.js]
[ui-themez.smartinnovates.net/items/zain/js/bootstrap.min.js]
[ui-themez.smartinnovates.net/items/zain/js/scrollIt.min.js]
[ui-themez.smartinnovates.net/items/zain/js/animated.headline.js]
[ui-themez.smartinnovates.net/items/zain/js/jquery.magnific-popup.min.js]
[ui-themez.smartinnovates.net/items/zain/js/jquery.stellar.min.js]
[ui-themez.smartinnovates.net/items/zain/js/isotope.pkgd.min.js]
[ui-themez.smartinnovates.net/items/zain/js/validator.js]
[ui-themez.smartinnovates.net/items/zain/index1.html]
[ui-themez.smartinnovates.net/items/zain/js/scripts.js]
[ui-themez.smartinnovates.net/items/zain/css/plugins/bootstrap.min.css]
[ui-themez.smartinnovates.net/items/zain/css/plugins/animate.min.css]
[ui-themez.smartinnovates.net/items/zain/css/plugins/icofont.css]
[ui-themez.smartinnovates.net/items/zain/css/plugins/fontawesome-all.min.css]
[ui-themez.smartinnovates.net/items/zain/css/plugins/magnific-popup.css]
[ui-themez.smartinnovates.net/items/zain/css/plugins.css]
[ui-themez.smartinnovates.net/items/zain/css/style.css]
[ui-themez.smartinnovates.net/items/zain/css/plugins/bootstrap.min.css]
[ui-themez.smartinnovates.net/items/zain/css/plugins/animate.min.css]
[ui-themez.smartinnovates.net/items/zain/css/plugins/helper.css]
[ui-themez.smartinnovates.net/items/zain/fonts/icofont7858.ttf]
[ui-themez.smartinnovates.net/items/zain/fonts/icofont7858.eot]
[ui-themez.smartinnovates.net/items/zain/fonts/icofont.257858.delayed]
[ui-themez.smartinnovates.net/items/zain/css/plugins/icofont.css]
[ui-themez.smartinnovates.net/items/zain/fonts/fa-brands-400.eot]
[ui-themez.smartinnovates.net/items/zain/fonts/fa-brands-400d41d.eot]
[ui-themez.smartinnovates.net/items/zain/fonts/fa-brands-400.woff2]
[ui-themez.smartinnovates.net/items/zain/fonts/fa-brands-400.woff]
[ui-themez.smartinnovates.net/items/zain/fonts/fa-brands-400.ttf]
[ui-themez.smartinnovates.net/items/zain/fonts/fa-brands-400.svg]
[ui-themez.smartinnovates.net/items/zain/fonts/fa-regular-400.eot]
[ui-themez.smartinnovates.net/items/zain/fonts/fa-regular-400d41d.eot]
[ui-themez.smartinnovates.net/items/zain/fonts/fa-regular-400.woff2]
[ui-themez.smartinnovates.net/items/zain/fonts/fa-regular-400.woff]
[ui-themez.smartinnovates.net/items/zain/fonts/fa-regular-400.ttf]
[ui-themez.smartinnovates.net/items/zain/fonts/fa-regular-400.svg]
[ui-themez.smartinnovates.net/items/zain/fonts/fa-solid-900.eot]
[ui-themez.smartinnovates.net/items/zain/fonts/fa-solid-900.woff2]
[ui-themez.smartinnovates.net/items/zain/fonts/fa-solid-900d41d.eot]
[ui-themez.smartinnovates.net/items/zain/fonts/fa-solid-900.woff]
[ui-themez.smartinnovates.net/items/zain/fonts/fa-solid-900.ttf]
[ui-themez.smartinnovates.net/items/zain/fonts/fa-solid-900.svg]
[ui-themez.smartinnovates.net/items/zain/css/plugins/fontawesome-all.min.css]
[ui-themez.smartinnovates.net/items/zain/css/plugins/magnific-popup.css]
[ui-themez.smartinnovates.net/items/zain/css/plugins/helper.css]
[ui-themez.smartinnovates.net/items/zain/fonts/icofont7858.html]
[ui-themez.smartinnovates.net/items/zain/fonts/fa-brands-400.html]
[ui-themez.smartinnovates.net/items/zain/fonts/fa-regular-400.html]
[ui-themez.smartinnovates.net/items/zain/fonts/fa-solid-900.html]
[ui-themez.smartinnovates.net/items/zain/fonts/icofont7858.woff]
